<?xml version="1.0" encoding="UTF-8"?>
<coverage generated="1636977370957" clover="3.2.0">
  <project timestamp="1636977370957" name="All files">
    <metrics statements="4" coveredstatements="3" conditionals="2" coveredconditionals="1" methods="3" coveredmethods="2" elements="9" coveredelements="6" complexity="0" loc="4" ncloc="4" packages="1" files="1" classes="1"/>
    <file name="index.tsx" path="C:\Users\YC01904\Desktop\jestpro-demo\src\exampletwo\index.tsx">
      <metrics statements="4" coveredstatements="3" conditionals="2" coveredconditionals="1" methods="3" coveredmethods="2"/>
      <line num="4" count="1" type="stmt"/>
      <line num="7" count="0" type="stmt"/>
      <line num="10" count="1" type="stmt"/>
      <line num="22" count="1" type="stmt"/>
    </file>
  </project>
</coverage>
