{"C:\\Users\\YC01904\\Desktop\\jestpro-demo\\src\\exampletwo\\index.tsx": {"path":"C:\\Users\\YC01904\\Desktop\\jestpro-demo\\src\\exampletwo\\index.tsx","statementMap":{"0":{"start":{"line":4,"column":30},"end":{"line":4,"column":48}},"1":{"start":{"line":7,"column":4},"end":{"line":7,"column":34}},"2":{"start":{"line":10,"column":2},"end":{"line":18,"column":4}},"3":{"start":{"line":22,"column":2},"end":{"line":32,"column":4}}},"fnMap":{"0":{"name":"ExampleTwo","decl":{"start":{"line":3,"column":9},"end":{"line":3,"column":19}},"loc":{"start":{"line":3,"column":22},"end":{"line":19,"column":1}},"line":3},"1":{"name":"handleChange","decl":{"start":{"line":6,"column":11},"end":{"line":6,"column":23}},"loc":{"start":{"line":6,"column":31},"end":{"line":8,"column":3}},"line":6},"2":{"name":"Search","decl":{"start":{"line":21,"column":9},"end":{"line":21,"column":15}},"loc":{"start":{"line":21,"column":47},"end":{"line":33,"column":1}},"line":21}},"branchMap":{"0":{"loc":{"start":{"line":16,"column":23},"end":{"line":16,"column":46}},"type":"cond-expr","locations":[{"start":{"line":16,"column":32},"end":{"line":16,"column":38}},{"start":{"line":16,"column":41},"end":{"line":16,"column":46}}],"line":16}},"s":{"0":1,"1":0,"2":1,"3":1},"f":{"0":1,"1":0,"2":1},"b":{"0":[0,1]},"_coverageSchema":"1a1c01bbd47fc00a2c39e90264f33305004495a9","hash":"b7192f741c7245f87f2f0c73b65d4628d75a10fc"}
}
